<?xml version="1.0" ?>
<testsuite errors="0" failures="0" name="tests.test_testresult.TestDockerCompose-20180218104643" tests="2" time="0.001">
	<testcase classname="tests.test_testresult.TestDockerCompose" name="test_ts" time="0.000"/>
	<testcase classname="tests.test_testresult.TestDockerCompose" name="test_version" time="0.000"/>
	<system-out>
<![CDATA[invalid file
version not supported, supported version is 3.2
services not found
version not found
[services][test][expose] not supported
[blub] not supported
version not supported, supported version is 3.2
]]>	</system-out>
	<system-err>
<![CDATA[]]>	</system-err>
</testsuite>
<?xml version="1.0" ?>
<testsuite errors="0" failures="0" name="tests.test_json.TestDockerCompose-20180218104643" tests="18" time="0.015">
	<testcase classname="tests.test_json.TestDockerCompose" name="test_build_arguments" time="0.001"/>
	<testcase classname="tests.test_json.TestDockerCompose" name="test_dep_defined_later" time="0.001"/>
	<testcase classname="tests.test_json.TestDockerCompose" name="test_dep_not_found" time="0.001"/>
	<testcase classname="tests.test_json.TestDockerCompose" name="test_dependency_conditions" time="0.003"/>
	<testcase classname="tests.test_json.TestDockerCompose" name="test_deployments" time="0.002"/>
	<testcase classname="tests.test_json.TestDockerCompose" name="test_deps_must_be_unique" time="0.001"/>
	<testcase classname="tests.test_json.TestDockerCompose" name="test_duplicate_job_name" time="0.001"/>
	<testcase classname="tests.test_json.TestDockerCompose" name="test_empty_dep_array" time="0.000"/>
	<testcase classname="tests.test_json.TestDockerCompose" name="test_empty_jobs" time="0.000"/>
	<testcase classname="tests.test_json.TestDockerCompose" name="test_environment" time="0.002"/>
	<testcase classname="tests.test_json.TestDockerCompose" name="test_invalid_name" time="0.000"/>
	<testcase classname="tests.test_json.TestDockerCompose" name="test_jobs" time="0.000"/>
	<testcase classname="tests.test_json.TestDockerCompose" name="test_kubernetes_limits" time="0.000"/>
	<testcase classname="tests.test_json.TestDockerCompose" name="test_may_not_create_jobs" time="0.000"/>
	<testcase classname="tests.test_json.TestDockerCompose" name="test_may_not_depend_on_itself" time="0.000"/>
	<testcase classname="tests.test_json.TestDockerCompose" name="test_security_context" time="0.001"/>
	<testcase classname="tests.test_json.TestDockerCompose" name="test_valid" time="0.001"/>
	<testcase classname="tests.test_json.TestDockerCompose" name="test_version" time="0.001"/>
	<system-out>
<![CDATA[invalid file
version not supported, supported version is 3.2
services not found
version not found
[services][test][expose] not supported
[blub] not supported
version not supported, supported version is 3.2
]]>	</system-out>
	<system-err>
<![CDATA[]]>	</system-err>
</testsuite>
<?xml version="1.0" ?>
<testsuite errors="0" failures="0" name="tests.test_docker_compose.TestDockerCompose-20180218104643" tests="8" time="0.056">
	<testcase classname="tests.test_docker_compose.TestDockerCompose" name="test_empty" time="0.001"/>
	<testcase classname="tests.test_docker_compose.TestDockerCompose" name="test_invalid_version" time="0.006"/>
	<testcase classname="tests.test_docker_compose.TestDockerCompose" name="test_no_services" time="0.003"/>
	<testcase classname="tests.test_docker_compose.TestDockerCompose" name="test_no_version" time="0.004"/>
	<testcase classname="tests.test_docker_compose.TestDockerCompose" name="test_unsupported_option" time="0.008"/>
	<testcase classname="tests.test_docker_compose.TestDockerCompose" name="test_unsupported_top_level" time="0.007"/>
	<testcase classname="tests.test_docker_compose.TestDockerCompose" name="test_unsupported_version" time="0.007"/>
	<testcase classname="tests.test_docker_compose.TestDockerCompose" name="test_valid_1" time="0.020"/>
	<system-out>
<![CDATA[invalid file
version not supported, supported version is 3.2
services not found
version not found
[services][test][expose] not supported
[blub] not supported
version not supported, supported version is 3.2
]]>	</system-out>
	<system-err>
<![CDATA[]]>	</system-err>
</testsuite>
<?xml version="1.0" ?>
<testsuite errors="0" failures="0" name="tests.test_markup.TestDockerCompose-20180218104643" tests="14" time="0.075">
	<testcase classname="tests.test_markup.TestDockerCompose" name="test_elements" time="0.001"/>
	<testcase classname="tests.test_markup.TestDockerCompose" name="test_grid" time="0.001"/>
	<testcase classname="tests.test_markup.TestDockerCompose" name="test_group" time="0.001"/>
	<testcase classname="tests.test_markup.TestDockerCompose" name="test_heading" time="0.003"/>
	<testcase classname="tests.test_markup.TestDockerCompose" name="test_hline" time="0.000"/>
	<testcase classname="tests.test_markup.TestDockerCompose" name="test_ordered_list" time="0.001"/>
	<testcase classname="tests.test_markup.TestDockerCompose" name="test_paragraph" time="0.001"/>
	<testcase classname="tests.test_markup.TestDockerCompose" name="test_table" time="0.001"/>
	<testcase classname="tests.test_markup.TestDockerCompose" name="test_text" time="0.001"/>
	<testcase classname="tests.test_markup.TestDockerCompose" name="test_title" time="0.000"/>
	<testcase classname="tests.test_markup.TestDockerCompose" name="test_unordered_list" time="0.001"/>
	<testcase classname="tests.test_markup.TestDockerCompose" name="test_unsupported_type" time="0.000"/>
	<testcase classname="tests.test_markup.TestDockerCompose" name="test_valid" time="0.065"/>
	<testcase classname="tests.test_markup.TestDockerCompose" name="test_version" time="0.000"/>
	<system-out>
<![CDATA[invalid file
version not supported, supported version is 3.2
services not found
version not found
[services][test][expose] not supported
[blub] not supported
version not supported, supported version is 3.2
]]>	</system-out>
	<system-err>
<![CDATA[]]>	</system-err>
</testsuite>
